<?xml version="1.0" encoding="UTF-8"?>
<!-- Generated by org.testng.reporters.JUnitXMLReporter -->
<testsuite ignored="1" hostname="DESKTOP-AFGMIHQ" failures="0" tests="7" name="Default test" time="0.416" errors="0" timestamp="2023-07-23T14:18:59 IST">
  <testcase classname="TestNGScripts.CreateCustomer" name="editCustomer" time="0.05"/>
  <testcase classname="TestNGScripts.CreateCustomer" name="createCustomer" time="0.013"/>
  <testcase classname="TestNGScripts.CreateCustomer" name="createCustomer" time="0.017"/>
  <testcase classname="TestNGScripts.CreateCustomer" name="createCustomer" time="0.006"/>
  <testcase classname="TestNGScripts.CreateCustomer" name="createCustomer" time="0.006"/>
  <testcase classname="TestNGScripts.CreateCustomer" name="createCustomer" time="0.019"/>
  <testcase classname="TestNGScripts.CreateCustomer" name="modifyCustomer" time="0.012"/>
  <testcase classname="TestNGScripts.CreateCustomer" name="deleteCustomer" time="0.0">
    <ignored/>
  </testcase> <!-- deleteCustomer -->
</testsuite> <!-- Default test -->
