<?xml version="1.0" encoding="UTF-8"?>
<!-- Generated by org.testng.reporters.JUnitXMLReporter -->
<testsuite ignored="4" hostname="DESKTOP-AFGMIHQ" failures="5" tests="28" name="Test" time="1.425" errors="0" timestamp="2023-07-13T14:33:36 IST">
  <testcase classname="TestNGScripts.Qtalk" name="editCustomer" time="0.052"/>
  <testcase classname="TestNGScripts.Qtalk" name="createCustomer" time="0.018"/>
  <testcase classname="TestNGScripts.Qtalk" name="createCustomer" time="0.021"/>
  <testcase classname="TestNGScripts.Qtalk" name="createCustomer" time="0.005"/>
  <testcase classname="TestNGScripts.Qtalk" name="createCustomer" time="0.009"/>
  <testcase classname="TestNGScripts.Qtalk" name="createCustomer" time="0.012"/>
  <testcase classname="TestNGScripts.Qtalk" name="modifyCustomer" time="0.019"/>
  <testcase classname="TestNGScripts.Actress" name="editCustomer" time="0.014"/>
  <testcase classname="TestNGScripts.Actress" name="createCustomer" time="0.018">
    <failure type="java.lang.AssertionError" message="null">
      <![CDATA[java.lang.AssertionError: null
at TestNGScripts.Actress.createCustomer(Actress.java:11)
at java.base/java.util.ArrayList.forEach(ArrayList.java:1511)
... Removed 27 stack frames]]>
    </failure>
  </testcase> <!-- createCustomer -->
  <testcase classname="TestNGScripts.Actress" name="createCustomer" time="0.006">
    <failure type="java.lang.AssertionError" message="null">
      <![CDATA[java.lang.AssertionError: null
at TestNGScripts.Actress.createCustomer(Actress.java:11)
at java.base/java.util.ArrayList.forEach(ArrayList.java:1511)
... Removed 27 stack frames]]>
    </failure>
  </testcase> <!-- createCustomer -->
  <testcase classname="TestNGScripts.Actress" name="createCustomer" time="0.008">
    <failure type="java.lang.AssertionError" message="null">
      <![CDATA[java.lang.AssertionError: null
at TestNGScripts.Actress.createCustomer(Actress.java:11)
at java.base/java.util.ArrayList.forEach(ArrayList.java:1511)
... Removed 27 stack frames]]>
    </failure>
  </testcase> <!-- createCustomer -->
  <testcase classname="TestNGScripts.Actress" name="createCustomer" time="0.007">
    <failure type="java.lang.AssertionError" message="null">
      <![CDATA[java.lang.AssertionError: null
at TestNGScripts.Actress.createCustomer(Actress.java:11)
at java.base/java.util.ArrayList.forEach(ArrayList.java:1511)
... Removed 27 stack frames]]>
    </failure>
  </testcase> <!-- createCustomer -->
  <testcase classname="TestNGScripts.Actress" name="createCustomer" time="0.005">
    <failure type="java.lang.AssertionError" message="null">
      <![CDATA[java.lang.AssertionError: null
at TestNGScripts.Actress.createCustomer(Actress.java:11)
at java.base/java.util.ArrayList.forEach(ArrayList.java:1511)
... Removed 27 stack frames]]>
    </failure>
  </testcase> <!-- createCustomer -->
  <testcase classname="TestNGScripts.Actress" name="modifyCustomer" time="0.015"/>
  <testcase classname="TestNGScripts.CreateCustomer" name="editCustomer" time="0.021"/>
  <testcase classname="TestNGScripts.CreateCustomer" name="createCustomer" time="0.006"/>
  <testcase classname="TestNGScripts.CreateCustomer" name="createCustomer" time="0.011"/>
  <testcase classname="TestNGScripts.CreateCustomer" name="createCustomer" time="0.004"/>
  <testcase classname="TestNGScripts.CreateCustomer" name="createCustomer" time="0.004"/>
  <testcase classname="TestNGScripts.CreateCustomer" name="createCustomer" time="0.01"/>
  <testcase classname="TestNGScripts.CreateCustomer" name="modifyCustomer" time="0.008"/>
  <testcase classname="TestNGScripts.Cricketer" name="editCustomer" time="0.018"/>
  <testcase classname="TestNGScripts.Cricketer" name="createCustomer" time="0.008"/>
  <testcase classname="TestNGScripts.Cricketer" name="createCustomer" time="0.01"/>
  <testcase classname="TestNGScripts.Cricketer" name="createCustomer" time="0.008"/>
  <testcase classname="TestNGScripts.Cricketer" name="createCustomer" time="0.005"/>
  <testcase classname="TestNGScripts.Cricketer" name="createCustomer" time="0.004"/>
  <testcase classname="TestNGScripts.Cricketer" name="modifyCustomer" time="0.003"/>
  <testcase classname="TestNGScripts.Cricketer" name="deleteCustomer" time="0.0">
    <ignored/>
  </testcase> <!-- deleteCustomer -->
  <testcase classname="TestNGScripts.Qtalk" name="deleteCustomer" time="0.0">
    <ignored/>
  </testcase> <!-- deleteCustomer -->
  <testcase classname="TestNGScripts.Actress" name="deleteCustomer" time="0.0">
    <ignored/>
  </testcase> <!-- deleteCustomer -->
  <testcase classname="TestNGScripts.CreateCustomer" name="deleteCustomer" time="0.0">
    <ignored/>
  </testcase> <!-- deleteCustomer -->
</testsuite> <!-- Test -->
